[0.041][INFO]:      ChromeDriver 23.0.1240.0 /home/dsukhau/.chromedriver-helper/linux64/chromedriver
[0.142][FINE]:      Initializing session with capabilities {
   "browserName": "chrome",
   "chrome.detach": true,
   "chrome.extensions": [  ],
   "chrome.profile": "UEsDBBQAAAAIAHhxJUJDv6ajBAAAAAIAAAATAAAARGVmYXVsdC9QcmVmZXJlbmNlc6uuBQBQSwECNAMUAAAACAB4cSVCQ7+mo...",
   "chrome.switches": [ "--bwsi", "--disable-translate", "--start-maximized" ],
   "chromeOptions": {
      "args": [ "--bwsi", "--disable-translate", "--start-maximized" ],
      "detach": true,
      "extensions": [  ],
      "profile": "UEsDBBQAAAAIAHhxJUJDv6ajBAAAAAIAAAATAAAARGVmYXVsdC9QcmVmZXJlbmNlc6uuBQBQSwECNAMUAAAACAB4cSVCQ7+mo..."
   },
   "cssSelectorsEnabled": true,
   "javascriptEnabled": true,
   "nativeEvents": false,
   "platform": "ANY",
   "rotatable": false,
   "takesScreenshot": false,
   "version": ""
}

[0.187][INFO]:      Using named testing interface
[13.569][INFO]:     Connected to Chrome successfully. Version: 22.0.1229.94
[13.681][FINE]:     Command received (/session/e42e7ff901c6170faea894ca45f24db8)
[13.682][FINE]:     Command finished (/session/e42e7ff901c6170faea894ca45f24db8) with response {
   "sessionId": "e42e7ff901c6170faea894ca45f24db8",
   "status": 0,
   "value": {
      "acceptSslCerts": false,
      "applicationCacheEnabled": false,
      "browserConnectionEnabled": false,
      "browserName": "chrome",
      "chrome.chromedriverVersion": "23.0.1240.0",
      "chrome.nativeEvents": false,
      "cssSelectorsEnabled": true,
      "databaseEnabled": false,
      "handlesAlerts": true,
      "javascriptEnabled": true,
      "locationContextEnabled": false,
      "nativeEvents": true,
      "platform": "linux",
      "rotatable": false,
      "takesScreenshot": true,
      "version": "22.0.1229.94",
      "webStorageEnabled": true
   }
}

[14.691][FINE]:     Command received (/session/e42e7ff901c6170faea894ca45f24db8/cookie)
[14.691][FINER]:    Waiting for all views to stop loading...
[14.692][FINER]:    Done waiting for all views to stop loading
[15.035][FINER]:    Waiting for all views to stop loading...
[15.036][FINER]:    Done waiting for all views to stop loading
[15.036][FINE]:     Command finished (/session/e42e7ff901c6170faea894ca45f24db8/cookie) with response {
   "sessionId": "e42e7ff901c6170faea894ca45f24db8",
   "status": 0,
   "value": {

   }
}

[15.040][FINE]:     Command received (/session/e42e7ff901c6170faea894ca45f24db8/url) with params {
   "url": "http://russia.master.prontosoft.by"
}

[15.040][FINER]:    Waiting for all views to stop loading...
[15.040][FINER]:    Done waiting for all views to stop loading
[31.126][FINER]:    Waiting for all views to stop loading...
[31.345][FINER]:    Done waiting for all views to stop loading
[31.345][FINE]:     Command finished (/session/e42e7ff901c6170faea894ca45f24db8/url) with response {
   "sessionId": "e42e7ff901c6170faea894ca45f24db8",
   "status": 0,
   "value": {

   }
}

[32.178][FINE]:     Command received (/session/e42e7ff901c6170faea894ca45f24db8/url)
[32.178][FINER]:    Waiting for all views to stop loading...
[32.179][FINER]:    Done waiting for all views to stop loading
[32.505][FINER]:    Waiting for all views to stop loading...
[32.505][FINER]:    Done waiting for all views to stop loading
[32.505][FINE]:     Command finished (/session/e42e7ff901c6170faea894ca45f24db8/url) with response {
   "sessionId": "e42e7ff901c6170faea894ca45f24db8",
   "status": 0,
   "value": "http://russia.master.prontosoft.by/"
}

[32.507][FINE]:     Command received (/session/e42e7ff901c6170faea894ca45f24db8/url)
[32.507][FINER]:    Waiting for all views to stop loading...
[32.508][FINER]:    Done waiting for all views to stop loading
[32.509][FINER]:    Waiting for all views to stop loading...
[32.510][FINER]:    Done waiting for all views to stop loading
[32.510][FINE]:     Command finished (/session/e42e7ff901c6170faea894ca45f24db8/url) with response {
   "sessionId": "e42e7ff901c6170faea894ca45f24db8",
   "status": 0,
   "value": "http://russia.master.prontosoft.by/"
}

[32.567][FINE]:     Command received (/session/e42e7ff901c6170faea894ca45f24db8/execute) with params {
   "args": [  ],
   "script": "return window.performance || window.webkitPerformance || window.mozPerformance || window.msPerfor..."
}

[32.567][FINER]:    Waiting for all views to stop loading...
[32.567][FINER]:    Done waiting for all views to stop loading
[32.650][FINER]:    Waiting for all views to stop loading...
[32.651][FINER]:    Done waiting for all views to stop loading
[32.651][FINE]:     Command finished (/session/e42e7ff901c6170faea894ca45f24db8/execute) with response {
   "sessionId": "e42e7ff901c6170faea894ca45f24db8",
   "status": 0,
   "value": {
      "memory": {
         "jsHeapSizeLimit": 1620000000,
         "totalJSHeapSize": 21700000,
         "usedJSHeapSize": 14300000
      },
      "navigation": {
         "TYPE_BACK_FORWARD": 2,
         "TYPE_NAVIGATE": 0,
         "TYPE_RELOAD": 1,
         "TYPE_RESERVED": 255,
         "redirectCount": 0,
         "type": 0
      },
      "timing": {
         "connectEnd": 1357384325320.0,
         "connectStart": 1357384324832.0,
         "domComplete": 1357384338738.0,
         "domContentLoadedEventEnd": 1357384335575.0,
         "domContentLoadedEventStart": 1357384335384.0,
         "domInteractive": 1357384335235.0,
         "domLoading": 1357384325633.0,
         "domainLookupEnd": 1357384324830.0,
         "domainLookupStart": 1357384324830.0,
         "fetchStart": 1357384324830.0,
         "loadEventEnd": 1357384338739.0,
         "loadEventStart": 1357384338739.0,
         "navigationStart": 1357384324314.0,
         "redirectEnd": 0,
         "redirectStart": 0,
         "requestStart": 1357384325321.0,
         "responseEnd": 1357384326270.0,
         "responseStart": 1357384325577.0,
         "secureConnectionStart": 0,
         "unloadEventEnd": 0,
         "unloadEventStart": 0
      },
      "webkitNow": "function webkitNow() { [native code] }"
   }
}

[32.736][FINE]:     Command received (/session/e42e7ff901c6170faea894ca45f24db8/url)
[32.736][FINER]:    Waiting for all views to stop loading...
[32.736][FINER]:    Done waiting for all views to stop loading
[32.737][FINER]:    Waiting for all views to stop loading...
[32.737][FINER]:    Done waiting for all views to stop loading
[32.737][FINE]:     Command finished (/session/e42e7ff901c6170faea894ca45f24db8/url) with response {
   "sessionId": "e42e7ff901c6170faea894ca45f24db8",
   "status": 0,
   "value": "http://russia.master.prontosoft.by/"
}

[32.738][FINE]:     Command received (/session/e42e7ff901c6170faea894ca45f24db8/url)
[32.738][FINER]:    Waiting for all views to stop loading...
[32.739][FINER]:    Done waiting for all views to stop loading
[32.740][FINER]:    Waiting for all views to stop loading...
[32.740][FINER]:    Done waiting for all views to stop loading
[32.740][FINE]:     Command finished (/session/e42e7ff901c6170faea894ca45f24db8/url) with response {
   "sessionId": "e42e7ff901c6170faea894ca45f24db8",
   "status": 0,
   "value": "http://russia.master.prontosoft.by/"
}

[32.741][FINE]:     Command received (/session/e42e7ff901c6170faea894ca45f24db8/url)
[32.741][FINER]:    Waiting for all views to stop loading...
[32.741][FINER]:    Done waiting for all views to stop loading
[32.742][FINER]:    Waiting for all views to stop loading...
[32.742][FINER]:    Done waiting for all views to stop loading
[32.742][FINE]:     Command finished (/session/e42e7ff901c6170faea894ca45f24db8/url) with response {
   "sessionId": "e42e7ff901c6170faea894ca45f24db8",
   "status": 0,
   "value": "http://russia.master.prontosoft.by/"
}

[33.144][FINE]:     Command received (/session/e42e7ff901c6170faea894ca45f24db8/screenshot)
[33.144][FINER]:    Waiting for all views to stop loading...
[33.144][FINER]:    Done waiting for all views to stop loading
[33.610][FINER]:    Waiting for all views to stop loading...
[33.610][FINER]:    Done waiting for all views to stop loading
[33.610][FINE]:     Command finished (/session/e42e7ff901c6170faea894ca45f24db8/screenshot) with response {
   "sessionId": "e42e7ff901c6170faea894ca45f24db8",
   "status": 0,
   "value": "iVBORw0KGgoAAAANSUhEUgAABAsAAAWeCAIAAACJhDukAAAgAElEQVR4nOy9eZxcRbn//1TV2bp7erbMZJmZbCyBQBA0ICFEA..."
}

[33.675][FINE]:     Command received (/session/e42e7ff901c6170faea894ca45f24db8/url)
[33.675][FINER]:    Waiting for all views to stop loading...
[33.675][FINER]:    Done waiting for all views to stop loading
[33.676][FINER]:    Waiting for all views to stop loading...
[33.676][FINER]:    Done waiting for all views to stop loading
[33.676][FINE]:     Command finished (/session/e42e7ff901c6170faea894ca45f24db8/url) with response {
   "sessionId": "e42e7ff901c6170faea894ca45f24db8",
   "status": 0,
   "value": "http://russia.master.prontosoft.by/"
}

[33.677][FINE]:     Command received (/session/e42e7ff901c6170faea894ca45f24db8/url)
[33.677][FINER]:    Waiting for all views to stop loading...
[33.677][FINER]:    Done waiting for all views to stop loading
[33.679][FINER]:    Waiting for all views to stop loading...
[33.679][FINER]:    Done waiting for all views to stop loading
[33.679][FINE]:     Command finished (/session/e42e7ff901c6170faea894ca45f24db8/url) with response {
   "sessionId": "e42e7ff901c6170faea894ca45f24db8",
   "status": 0,
   "value": "http://russia.master.prontosoft.by/"
}

[33.720][FINE]:     Command received (/session/e42e7ff901c6170faea894ca45f24db8/cookie)
[33.720][FINER]:    Waiting for all views to stop loading...
[33.721][FINER]:    Done waiting for all views to stop loading
[33.756][FINER]:    Waiting for all views to stop loading...
[33.756][FINER]:    Done waiting for all views to stop loading
[33.756][FINE]:     Command finished (/session/e42e7ff901c6170faea894ca45f24db8/cookie) with response {
   "sessionId": "e42e7ff901c6170faea894ca45f24db8",
   "status": 0,
   "value": {

   }
}

[33.758][FINE]:     Command received (/session/e42e7ff901c6170faea894ca45f24db8/url) with params {
   "url": "http://russia.master.prontosoft.by"
}

[33.758][FINER]:    Waiting for all views to stop loading...
[33.759][FINER]:    Done waiting for all views to stop loading
[38.834][FINER]:    Waiting for all views to stop loading...
[38.836][FINER]:    Done waiting for all views to stop loading
[38.836][FINE]:     Command finished (/session/e42e7ff901c6170faea894ca45f24db8/url) with response {
   "sessionId": "e42e7ff901c6170faea894ca45f24db8",
   "status": 0,
   "value": {

   }
}

[38.839][FINE]:     Command received (/session/e42e7ff901c6170faea894ca45f24db8/url)
[38.839][FINER]:    Waiting for all views to stop loading...
[38.839][FINER]:    Done waiting for all views to stop loading
[38.841][FINER]:    Waiting for all views to stop loading...
[38.841][FINER]:    Done waiting for all views to stop loading
[38.841][FINE]:     Command finished (/session/e42e7ff901c6170faea894ca45f24db8/url) with response {
   "sessionId": "e42e7ff901c6170faea894ca45f24db8",
   "status": 0,
   "value": "http://russia.master.prontosoft.by/"
}

[38.842][FINE]:     Command received (/session/e42e7ff901c6170faea894ca45f24db8/url)
[38.842][FINER]:    Waiting for all views to stop loading...
[38.843][FINER]:    Done waiting for all views to stop loading
[38.847][FINER]:    Waiting for all views to stop loading...
[38.847][FINER]:    Done waiting for all views to stop loading
[38.847][FINE]:     Command finished (/session/e42e7ff901c6170faea894ca45f24db8/url) with response {
   "sessionId": "e42e7ff901c6170faea894ca45f24db8",
   "status": 0,
   "value": "http://russia.master.prontosoft.by/"
}

[38.848][FINE]:     Command received (/session/e42e7ff901c6170faea894ca45f24db8/execute) with params {
   "args": [  ],
   "script": "return window.performance || window.webkitPerformance || window.mozPerformance || window.msPerfor..."
}

[38.848][FINER]:    Waiting for all views to stop loading...
[38.849][FINER]:    Done waiting for all views to stop loading
[38.850][FINER]:    Waiting for all views to stop loading...
[38.851][FINER]:    Done waiting for all views to stop loading
[38.851][FINE]:     Command finished (/session/e42e7ff901c6170faea894ca45f24db8/execute) with response {
   "sessionId": "e42e7ff901c6170faea894ca45f24db8",
   "status": 0,
   "value": {
      "memory": {
         "jsHeapSizeLimit": 1620000000,
         "totalJSHeapSize": 21700000,
         "usedJSHeapSize": 14300000
      },
      "navigation": {
         "TYPE_BACK_FORWARD": 2,
         "TYPE_NAVIGATE": 0,
         "TYPE_RELOAD": 1,
         "TYPE_RESERVED": 255,
         "redirectCount": 0,
         "type": 0
      },
      "timing": {
         "connectEnd": 1357384343551.0,
         "connectStart": 1357384343551.0,
         "domComplete": 0,
         "domContentLoadedEventEnd": 1357384347849.0,
         "domContentLoadedEventStart": 1357384347188.0,
         "domInteractive": 1357384347180.0,
         "domLoading": 1357384344661.0,
         "domainLookupEnd": 1357384343551.0,
         "domainLookupStart": 1357384343551.0,
         "fetchStart": 1357384343551.0,
         "loadEventEnd": 0,
         "loadEventStart": 0,
         "navigationStart": 1357384343080.0,
         "redirectEnd": 0,
         "redirectStart": 0,
         "requestStart": 1357384343553.0,
         "responseEnd": 1357384344515.0,
         "responseStart": 1357384343738.0,
         "secureConnectionStart": 0,
         "unloadEventEnd": 0,
         "unloadEventStart": 0
      },
      "webkitNow": "function webkitNow() { [native code] }"
   }
}

[38.853][FINE]:     Command received (/session/e42e7ff901c6170faea894ca45f24db8/url)
[38.853][FINER]:    Waiting for all views to stop loading...
[38.853][FINER]:    Done waiting for all views to stop loading
[38.854][FINER]:    Waiting for all views to stop loading...
[38.854][FINER]:    Done waiting for all views to stop loading
[38.854][FINE]:     Command finished (/session/e42e7ff901c6170faea894ca45f24db8/url) with response {
   "sessionId": "e42e7ff901c6170faea894ca45f24db8",
   "status": 0,
   "value": "http://russia.master.prontosoft.by/"
}

[38.855][FINE]:     Command received (/session/e42e7ff901c6170faea894ca45f24db8/url)
[38.855][FINER]:    Waiting for all views to stop loading...
[38.856][FINER]:    Done waiting for all views to stop loading
[38.857][FINER]:    Waiting for all views to stop loading...
[38.857][FINER]:    Done waiting for all views to stop loading
[38.857][FINE]:     Command finished (/session/e42e7ff901c6170faea894ca45f24db8/url) with response {
   "sessionId": "e42e7ff901c6170faea894ca45f24db8",
   "status": 0,
   "value": "http://russia.master.prontosoft.by/"
}

[38.858][FINE]:     Command received (/session/e42e7ff901c6170faea894ca45f24db8/url)
[38.858][FINER]:    Waiting for all views to stop loading...
[38.858][FINER]:    Done waiting for all views to stop loading
[38.859][FINER]:    Waiting for all views to stop loading...
[38.859][FINER]:    Done waiting for all views to stop loading
[38.859][FINE]:     Command finished (/session/e42e7ff901c6170faea894ca45f24db8/url) with response {
   "sessionId": "e42e7ff901c6170faea894ca45f24db8",
   "status": 0,
   "value": "http://russia.master.prontosoft.by/"
}

[38.925][FINE]:     Command received (/session/e42e7ff901c6170faea894ca45f24db8/screenshot)
[38.925][FINER]:    Waiting for all views to stop loading...
[38.925][FINER]:    Done waiting for all views to stop loading
[40.033][FINER]:    Waiting for all views to stop loading...
[40.060][FINER]:    Done waiting for all views to stop loading
[40.060][FINE]:     Command finished (/session/e42e7ff901c6170faea894ca45f24db8/screenshot) with response {
   "sessionId": "e42e7ff901c6170faea894ca45f24db8",
   "status": 0,
   "value": "iVBORw0KGgoAAAANSUhEUgAABAsAAAWeCAIAAACJhDukAAAgAElEQVR4nOy9eZxcRbn//1TV2bp7erbMZJmZbCyBQBA0ICFEA..."
}

[40.117][FINE]:     Command received (/session/e42e7ff901c6170faea894ca45f24db8/url)
[40.117][FINER]:    Waiting for all views to stop loading...
[40.117][FINER]:    Done waiting for all views to stop loading
[40.203][FINER]:    Waiting for all views to stop loading...
[40.204][FINER]:    Done waiting for all views to stop loading
[40.204][FINE]:     Command finished (/session/e42e7ff901c6170faea894ca45f24db8/url) with response {
   "sessionId": "e42e7ff901c6170faea894ca45f24db8",
   "status": 0,
   "value": "http://russia.master.prontosoft.by/"
}

[40.205][FINE]:     Command received (/session/e42e7ff901c6170faea894ca45f24db8/url)
[40.205][FINER]:    Waiting for all views to stop loading...
[40.205][FINER]:    Done waiting for all views to stop loading
[40.206][FINER]:    Waiting for all views to stop loading...
[40.206][FINER]:    Done waiting for all views to stop loading
[40.206][FINE]:     Command finished (/session/e42e7ff901c6170faea894ca45f24db8/url) with response {
   "sessionId": "e42e7ff901c6170faea894ca45f24db8",
   "status": 0,
   "value": "http://russia.master.prontosoft.by/"
}

[40.213][FINE]:     Command received (/session/e42e7ff901c6170faea894ca45f24db8/cookie)
[40.213][FINER]:    Waiting for all views to stop loading...
[40.213][FINER]:    Done waiting for all views to stop loading
[40.215][FINER]:    Waiting for all views to stop loading...
[40.216][FINER]:    Done waiting for all views to stop loading
[40.216][FINE]:     Command finished (/session/e42e7ff901c6170faea894ca45f24db8/cookie) with response {
   "sessionId": "e42e7ff901c6170faea894ca45f24db8",
   "status": 0,
   "value": {

   }
}

[40.218][FINE]:     Command received (/session/e42e7ff901c6170faea894ca45f24db8/url) with params {
   "url": "http://russia.master.prontosoft.by"
}

[40.218][FINER]:    Waiting for all views to stop loading...
[40.218][FINER]:    Done waiting for all views to stop loading
[41.929][FINER]:    Waiting for all views to stop loading...
[41.933][FINER]:    Done waiting for all views to stop loading
[41.933][FINE]:     Command finished (/session/e42e7ff901c6170faea894ca45f24db8/url) with response {
   "sessionId": "e42e7ff901c6170faea894ca45f24db8",
   "status": 0,
   "value": {

   }
}

[41.934][FINE]:     Command received (/session/e42e7ff901c6170faea894ca45f24db8/url)
[41.934][FINER]:    Waiting for all views to stop loading...
[41.935][FINER]:    Done waiting for all views to stop loading
[41.945][FINER]:    Waiting for all views to stop loading...
[41.947][FINER]:    Done waiting for all views to stop loading
[41.947][FINE]:     Command finished (/session/e42e7ff901c6170faea894ca45f24db8/url) with response {
   "sessionId": "e42e7ff901c6170faea894ca45f24db8",
   "status": 0,
   "value": "http://russia.master.prontosoft.by/"
}

[41.948][FINE]:     Command received (/session/e42e7ff901c6170faea894ca45f24db8/url)
[41.949][FINER]:    Waiting for all views to stop loading...
[41.949][FINER]:    Done waiting for all views to stop loading
[41.968][FINER]:    Waiting for all views to stop loading...
[41.969][FINER]:    Done waiting for all views to stop loading
[41.969][FINE]:     Command finished (/session/e42e7ff901c6170faea894ca45f24db8/url) with response {
   "sessionId": "e42e7ff901c6170faea894ca45f24db8",
   "status": 0,
   "value": "http://russia.master.prontosoft.by/"
}

[41.970][FINE]:     Command received (/session/e42e7ff901c6170faea894ca45f24db8/execute) with params {
   "args": [  ],
   "script": "return window.performance || window.webkitPerformance || window.mozPerformance || window.msPerfor..."
}

[41.971][FINER]:    Waiting for all views to stop loading...
[41.971][FINER]:    Done waiting for all views to stop loading
[41.973][FINER]:    Waiting for all views to stop loading...
[41.973][FINER]:    Done waiting for all views to stop loading
[41.973][FINE]:     Command finished (/session/e42e7ff901c6170faea894ca45f24db8/execute) with response {
   "sessionId": "e42e7ff901c6170faea894ca45f24db8",
   "status": 0,
   "value": {
      "memory": {
         "jsHeapSizeLimit": 1620000000,
         "totalJSHeapSize": 21700000,
         "usedJSHeapSize": 14300000
      },
      "navigation": {
         "TYPE_BACK_FORWARD": 2,
         "TYPE_NAVIGATE": 0,
         "TYPE_RELOAD": 1,
         "TYPE_RESERVED": 255,
         "redirectCount": 0,
         "type": 0
      },
      "timing": {
         "connectEnd": 1357384349797.0,
         "connectStart": 1357384349797.0,
         "domComplete": 0,
         "domContentLoadedEventEnd": 1357384350838.0,
         "domContentLoadedEventStart": 1357384350807.0,
         "domInteractive": 1357384350800.0,
         "domLoading": 1357384350032.0,
         "domainLookupEnd": 1357384349797.0,
         "domainLookupStart": 1357384349797.0,
         "fetchStart": 1357384349797.0,
         "loadEventEnd": 0,
         "loadEventStart": 0,
         "navigationStart": 1357384349374.0,
         "redirectEnd": 0,
         "redirectStart": 0,
         "requestStart": 1357384349798.0,
         "responseEnd": 1357384350649.0,
         "responseStart": 1357384349982.0,
         "secureConnectionStart": 0,
         "unloadEventEnd": 0,
         "unloadEventStart": 0
      },
      "webkitNow": "function webkitNow() { [native code] }"
   }
}

[41.975][FINE]:     Command received (/session/e42e7ff901c6170faea894ca45f24db8/url)
[41.975][FINER]:    Waiting for all views to stop loading...
[41.975][FINER]:    Done waiting for all views to stop loading
[41.976][FINER]:    Waiting for all views to stop loading...
[41.976][FINER]:    Done waiting for all views to stop loading
[41.976][FINE]:     Command finished (/session/e42e7ff901c6170faea894ca45f24db8/url) with response {
   "sessionId": "e42e7ff901c6170faea894ca45f24db8",
   "status": 0,
   "value": "http://russia.master.prontosoft.by/"
}

[41.977][FINE]:     Command received (/session/e42e7ff901c6170faea894ca45f24db8/url)
[41.977][FINER]:    Waiting for all views to stop loading...
[41.978][FINER]:    Done waiting for all views to stop loading
[41.979][FINER]:    Waiting for all views to stop loading...
[41.979][FINER]:    Done waiting for all views to stop loading
[41.979][FINE]:     Command finished (/session/e42e7ff901c6170faea894ca45f24db8/url) with response {
   "sessionId": "e42e7ff901c6170faea894ca45f24db8",
   "status": 0,
   "value": "http://russia.master.prontosoft.by/"
}

[41.980][FINE]:     Command received (/session/e42e7ff901c6170faea894ca45f24db8/url)
[41.980][FINER]:    Waiting for all views to stop loading...
[41.980][FINER]:    Done waiting for all views to stop loading
[41.981][FINER]:    Waiting for all views to stop loading...
[41.981][FINER]:    Done waiting for all views to stop loading
[41.982][FINE]:     Command finished (/session/e42e7ff901c6170faea894ca45f24db8/url) with response {
   "sessionId": "e42e7ff901c6170faea894ca45f24db8",
   "status": 0,
   "value": "http://russia.master.prontosoft.by/"
}

[41.989][FINE]:     Command received (/session/e42e7ff901c6170faea894ca45f24db8/screenshot)
[41.989][FINER]:    Waiting for all views to stop loading...
[41.989][FINER]:    Done waiting for all views to stop loading
[42.140][FINER]:    Waiting for all views to stop loading...
[42.141][FINER]:    Done waiting for all views to stop loading
[42.141][FINE]:     Command finished (/session/e42e7ff901c6170faea894ca45f24db8/screenshot) with response {
   "sessionId": "e42e7ff901c6170faea894ca45f24db8",
   "status": 0,
   "value": "iVBORw0KGgoAAAANSUhEUgAABAsAAAWeCAIAAACJhDukAAAgAElEQVR4nOy9eZxcRbn//1TV2bp7erbMZJmZbCyBQBA0ICFEA..."
}

[42.200][FINE]:     Command received (/session/e42e7ff901c6170faea894ca45f24db8/url)
[42.200][FINER]:    Waiting for all views to stop loading...
[42.258][FINER]:    Done waiting for all views to stop loading
[42.260][FINER]:    Waiting for all views to stop loading...
[42.477][FINER]:    Done waiting for all views to stop loading
[42.477][FINE]:     Command finished (/session/e42e7ff901c6170faea894ca45f24db8/url) with response {
   "sessionId": "e42e7ff901c6170faea894ca45f24db8",
   "status": 0,
   "value": "http://russia.master.prontosoft.by/"
}

[42.478][FINE]:     Command received (/session/e42e7ff901c6170faea894ca45f24db8/url)
[42.478][FINER]:    Waiting for all views to stop loading...
[42.479][FINER]:    Done waiting for all views to stop loading
[42.480][FINER]:    Waiting for all views to stop loading...
[42.480][FINER]:    Done waiting for all views to stop loading
[42.480][FINE]:     Command finished (/session/e42e7ff901c6170faea894ca45f24db8/url) with response {
   "sessionId": "e42e7ff901c6170faea894ca45f24db8",
   "status": 0,
   "value": "http://russia.master.prontosoft.by/"
}

[42.487][FINE]:     Command received (/session/e42e7ff901c6170faea894ca45f24db8/cookie)
[42.487][FINER]:    Waiting for all views to stop loading...
[42.487][FINER]:    Done waiting for all views to stop loading
[42.489][FINER]:    Waiting for all views to stop loading...
[42.490][FINER]:    Done waiting for all views to stop loading
[42.490][FINE]:     Command finished (/session/e42e7ff901c6170faea894ca45f24db8/cookie) with response {
   "sessionId": "e42e7ff901c6170faea894ca45f24db8",
   "status": 0,
   "value": {

   }
}

[42.492][FINE]:     Command received (/session/e42e7ff901c6170faea894ca45f24db8/url) with params {
   "url": "http://russia.master.prontosoft.by"
}

[42.492][FINER]:    Waiting for all views to stop loading...
[42.492][FINER]:    Done waiting for all views to stop loading
[46.881][FINER]:    Waiting for all views to stop loading...
[46.883][FINER]:    Done waiting for all views to stop loading
[46.884][FINE]:     Command finished (/session/e42e7ff901c6170faea894ca45f24db8/url) with response {
   "sessionId": "e42e7ff901c6170faea894ca45f24db8",
   "status": 0,
   "value": {

   }
}

[46.885][FINE]:     Command received (/session/e42e7ff901c6170faea894ca45f24db8/url)
[46.885][FINER]:    Waiting for all views to stop loading...
[46.886][FINER]:    Done waiting for all views to stop loading
[46.890][FINER]:    Waiting for all views to stop loading...
[46.890][FINER]:    Done waiting for all views to stop loading
[46.890][FINE]:     Command finished (/session/e42e7ff901c6170faea894ca45f24db8/url) with response {
   "sessionId": "e42e7ff901c6170faea894ca45f24db8",
   "status": 0,
   "value": "http://russia.master.prontosoft.by/"
}

[46.892][FINE]:     Command received (/session/e42e7ff901c6170faea894ca45f24db8/url)
[46.892][FINER]:    Waiting for all views to stop loading...
[46.892][FINER]:    Done waiting for all views to stop loading
[46.896][FINER]:    Waiting for all views to stop loading...
[46.896][FINER]:    Done waiting for all views to stop loading
[46.896][FINE]:     Command finished (/session/e42e7ff901c6170faea894ca45f24db8/url) with response {
   "sessionId": "e42e7ff901c6170faea894ca45f24db8",
   "status": 0,
   "value": "http://russia.master.prontosoft.by/"
}

[46.897][FINE]:     Command received (/session/e42e7ff901c6170faea894ca45f24db8/execute) with params {
   "args": [  ],
   "script": "return window.performance || window.webkitPerformance || window.mozPerformance || window.msPerfor..."
}

[46.897][FINER]:    Waiting for all views to stop loading...
[46.898][FINER]:    Done waiting for all views to stop loading
[46.899][FINER]:    Waiting for all views to stop loading...
[46.900][FINER]:    Done waiting for all views to stop loading
[46.900][FINE]:     Command finished (/session/e42e7ff901c6170faea894ca45f24db8/execute) with response {
   "sessionId": "e42e7ff901c6170faea894ca45f24db8",
   "status": 0,
   "value": {
      "memory": {
         "jsHeapSizeLimit": 1620000000,
         "totalJSHeapSize": 21700000,
         "usedJSHeapSize": 14300000
      },
      "navigation": {
         "TYPE_BACK_FORWARD": 2,
         "TYPE_NAVIGATE": 0,
         "TYPE_RELOAD": 1,
         "TYPE_RESERVED": 255,
         "redirectCount": 0,
         "type": 0
      },
      "timing": {
         "connectEnd": 1357384351924.0,
         "connectStart": 1357384351924.0,
         "domComplete": 1357384355922.0,
         "domContentLoadedEventEnd": 1357384354672.0,
         "domContentLoadedEventStart": 1357384354647.0,
         "domInteractive": 1357384354640.0,
         "domLoading": 1357384354183.0,
         "domainLookupEnd": 1357384351924.0,
         "domainLookupStart": 1357384351924.0,
         "fetchStart": 1357384351924.0,
         "loadEventEnd": 1357384355922.0,
         "loadEventStart": 1357384355922.0,
         "navigationStart": 1357384351641.0,
         "redirectEnd": 0,
         "redirectStart": 0,
         "requestStart": 1357384351926.0,
         "responseEnd": 1357384354440.0,
         "responseStart": 1357384352110.0,
         "secureConnectionStart": 0,
         "unloadEventEnd": 0,
         "unloadEventStart": 0
      },
      "webkitNow": "function webkitNow() { [native code] }"
   }
}

[46.901][FINE]:     Command received (/session/e42e7ff901c6170faea894ca45f24db8/url)
[46.901][FINER]:    Waiting for all views to stop loading...
[46.902][FINER]:    Done waiting for all views to stop loading
[46.903][FINER]:    Waiting for all views to stop loading...
[46.903][FINER]:    Done waiting for all views to stop loading
[46.903][FINE]:     Command finished (/session/e42e7ff901c6170faea894ca45f24db8/url) with response {
   "sessionId": "e42e7ff901c6170faea894ca45f24db8",
   "status": 0,
   "value": "http://russia.master.prontosoft.by/"
}

[46.904][FINE]:     Command received (/session/e42e7ff901c6170faea894ca45f24db8/url)
[46.904][FINER]:    Waiting for all views to stop loading...
[46.904][FINER]:    Done waiting for all views to stop loading
[46.906][FINER]:    Waiting for all views to stop loading...
[46.906][FINER]:    Done waiting for all views to stop loading
[46.906][FINE]:     Command finished (/session/e42e7ff901c6170faea894ca45f24db8/url) with response {
   "sessionId": "e42e7ff901c6170faea894ca45f24db8",
   "status": 0,
   "value": "http://russia.master.prontosoft.by/"
}

[46.908][FINE]:     Command received (/session/e42e7ff901c6170faea894ca45f24db8/url)
[46.908][FINER]:    Waiting for all views to stop loading...
[46.909][FINER]:    Done waiting for all views to stop loading
[46.910][FINER]:    Waiting for all views to stop loading...
[46.910][FINER]:    Done waiting for all views to stop loading
[46.910][FINE]:     Command finished (/session/e42e7ff901c6170faea894ca45f24db8/url) with response {
   "sessionId": "e42e7ff901c6170faea894ca45f24db8",
   "status": 0,
   "value": "http://russia.master.prontosoft.by/"
}

[46.918][FINE]:     Command received (/session/e42e7ff901c6170faea894ca45f24db8/screenshot)
[46.918][FINER]:    Waiting for all views to stop loading...
[46.918][FINER]:    Done waiting for all views to stop loading
[47.487][FINER]:    Waiting for all views to stop loading...
[47.493][FINER]:    Done waiting for all views to stop loading
[47.493][FINE]:     Command finished (/session/e42e7ff901c6170faea894ca45f24db8/screenshot) with response {
   "sessionId": "e42e7ff901c6170faea894ca45f24db8",
   "status": 0,
   "value": "iVBORw0KGgoAAAANSUhEUgAABAsAAAWeCAIAAACJhDukAAAgAElEQVR4nOy9eZxcRbn//1TV2bp7erbMZJmZbCyBQBA0ICFEA..."
}

[47.556][FINE]:     Command received (/session/e42e7ff901c6170faea894ca45f24db8/url)
[47.556][FINER]:    Waiting for all views to stop loading...
[47.556][FINER]:    Done waiting for all views to stop loading
[47.558][FINER]:    Waiting for all views to stop loading...
[47.558][FINER]:    Done waiting for all views to stop loading
[47.558][FINE]:     Command finished (/session/e42e7ff901c6170faea894ca45f24db8/url) with response {
   "sessionId": "e42e7ff901c6170faea894ca45f24db8",
   "status": 0,
   "value": "http://russia.master.prontosoft.by/"
}

[47.559][FINE]:     Command received (/session/e42e7ff901c6170faea894ca45f24db8/url)
[47.559][FINER]:    Waiting for all views to stop loading...
[47.559][FINER]:    Done waiting for all views to stop loading
[47.560][FINER]:    Waiting for all views to stop loading...
[47.560][FINER]:    Done waiting for all views to stop loading
[47.560][FINE]:     Command finished (/session/e42e7ff901c6170faea894ca45f24db8/url) with response {
   "sessionId": "e42e7ff901c6170faea894ca45f24db8",
   "status": 0,
   "value": "http://russia.master.prontosoft.by/"
}

[47.568][FINE]:     Command received (/session/e42e7ff901c6170faea894ca45f24db8/cookie)
[47.568][FINER]:    Waiting for all views to stop loading...
[47.568][FINER]:    Done waiting for all views to stop loading
[47.571][FINER]:    Waiting for all views to stop loading...
[47.571][FINER]:    Done waiting for all views to stop loading
[47.571][FINE]:     Command finished (/session/e42e7ff901c6170faea894ca45f24db8/cookie) with response {
   "sessionId": "e42e7ff901c6170faea894ca45f24db8",
   "status": 0,
   "value": {

   }
}

[47.573][FINE]:     Command received (/session/e42e7ff901c6170faea894ca45f24db8/url) with params {
   "url": "http://russia.master.prontosoft.by"
}

[47.573][FINER]:    Waiting for all views to stop loading...
[47.573][FINER]:    Done waiting for all views to stop loading
[49.355][FINER]:    Waiting for all views to stop loading...
[49.357][FINER]:    Done waiting for all views to stop loading
[49.357][FINE]:     Command finished (/session/e42e7ff901c6170faea894ca45f24db8/url) with response {
   "sessionId": "e42e7ff901c6170faea894ca45f24db8",
   "status": 0,
   "value": {

   }
}

[49.393][FINE]:     Command received (/session/e42e7ff901c6170faea894ca45f24db8/url)
[49.393][FINER]:    Waiting for all views to stop loading...
[49.393][FINER]:    Done waiting for all views to stop loading
[49.395][FINER]:    Waiting for all views to stop loading...
[49.395][FINER]:    Done waiting for all views to stop loading
[49.395][FINE]:     Command finished (/session/e42e7ff901c6170faea894ca45f24db8/url) with response {
   "sessionId": "e42e7ff901c6170faea894ca45f24db8",
   "status": 0,
   "value": "http://russia.master.prontosoft.by/"
}

[49.396][FINE]:     Command received (/session/e42e7ff901c6170faea894ca45f24db8/url)
[49.396][FINER]:    Waiting for all views to stop loading...
[49.396][FINER]:    Done waiting for all views to stop loading
[49.398][FINER]:    Waiting for all views to stop loading...
[49.398][FINER]:    Done waiting for all views to stop loading
[49.398][FINE]:     Command finished (/session/e42e7ff901c6170faea894ca45f24db8/url) with response {
   "sessionId": "e42e7ff901c6170faea894ca45f24db8",
   "status": 0,
   "value": "http://russia.master.prontosoft.by/"
}

[49.399][FINE]:     Command received (/session/e42e7ff901c6170faea894ca45f24db8/execute) with params {
   "args": [  ],
   "script": "return window.performance || window.webkitPerformance || window.mozPerformance || window.msPerfor..."
}

[49.399][FINER]:    Waiting for all views to stop loading...
[49.399][FINER]:    Done waiting for all views to stop loading
[49.401][FINER]:    Waiting for all views to stop loading...
[49.401][FINER]:    Done waiting for all views to stop loading
[49.401][FINE]:     Command finished (/session/e42e7ff901c6170faea894ca45f24db8/execute) with response {
   "sessionId": "e42e7ff901c6170faea894ca45f24db8",
   "status": 0,
   "value": {
      "memory": {
         "jsHeapSizeLimit": 1620000000,
         "totalJSHeapSize": 21700000,
         "usedJSHeapSize": 14300000
      },
      "navigation": {
         "TYPE_BACK_FORWARD": 2,
         "TYPE_NAVIGATE": 0,
         "TYPE_RELOAD": 1,
         "TYPE_RESERVED": 255,
         "redirectCount": 0,
         "type": 0
      },
      "timing": {
         "connectEnd": 1357384357364.0,
         "connectStart": 1357384357364.0,
         "domComplete": 0,
         "domContentLoadedEventEnd": 1357384358250.0,
         "domContentLoadedEventStart": 1357384358224.0,
         "domInteractive": 1357384358217.0,
         "domLoading": 1357384357611.0,
         "domainLookupEnd": 1357384357364.0,
         "domainLookupStart": 1357384357364.0,
         "fetchStart": 1357384357364.0,
         "loadEventEnd": 0,
         "loadEventStart": 0,
         "navigationStart": 1357384356722.0,
         "redirectEnd": 0,
         "redirectStart": 0,
         "requestStart": 1357384357366.0,
         "responseEnd": 1357384357869.0,
         "responseStart": 1357384357560.0,
         "secureConnectionStart": 0,
         "unloadEventEnd": 0,
         "unloadEventStart": 0
      },
      "webkitNow": "function webkitNow() { [native code] }"
   }
}

[49.403][FINE]:     Command received (/session/e42e7ff901c6170faea894ca45f24db8/url)
[49.403][FINER]:    Waiting for all views to stop loading...
[49.403][FINER]:    Done waiting for all views to stop loading
[49.404][FINER]:    Waiting for all views to stop loading...
[49.405][FINER]:    Done waiting for all views to stop loading
[49.405][FINE]:     Command finished (/session/e42e7ff901c6170faea894ca45f24db8/url) with response {
   "sessionId": "e42e7ff901c6170faea894ca45f24db8",
   "status": 0,
   "value": "http://russia.master.prontosoft.by/"
}

[49.406][FINE]:     Command received (/session/e42e7ff901c6170faea894ca45f24db8/url)
[49.406][FINER]:    Waiting for all views to stop loading...
[49.406][FINER]:    Done waiting for all views to stop loading
[49.407][FINER]:    Waiting for all views to stop loading...
[49.407][FINER]:    Done waiting for all views to stop loading
[49.407][FINE]:     Command finished (/session/e42e7ff901c6170faea894ca45f24db8/url) with response {
   "sessionId": "e42e7ff901c6170faea894ca45f24db8",
   "status": 0,
   "value": "http://russia.master.prontosoft.by/"
}

[49.408][FINE]:     Command received (/session/e42e7ff901c6170faea894ca45f24db8/url)
[49.408][FINER]:    Waiting for all views to stop loading...
[49.409][FINER]:    Done waiting for all views to stop loading
[49.410][FINER]:    Waiting for all views to stop loading...
[49.410][FINER]:    Done waiting for all views to stop loading
[49.410][FINE]:     Command finished (/session/e42e7ff901c6170faea894ca45f24db8/url) with response {
   "sessionId": "e42e7ff901c6170faea894ca45f24db8",
   "status": 0,
   "value": "http://russia.master.prontosoft.by/"
}

[49.416][FINE]:     Command received (/session/e42e7ff901c6170faea894ca45f24db8/screenshot)
[49.416][FINER]:    Waiting for all views to stop loading...
[49.417][FINER]:    Done waiting for all views to stop loading
[49.570][FINER]:    Waiting for all views to stop loading...
[49.571][FINER]:    Done waiting for all views to stop loading
[49.571][FINE]:     Command finished (/session/e42e7ff901c6170faea894ca45f24db8/screenshot) with response {
   "sessionId": "e42e7ff901c6170faea894ca45f24db8",
   "status": 0,
   "value": "iVBORw0KGgoAAAANSUhEUgAABAsAAAWeCAIAAACJhDukAAAgAElEQVR4nOy9eZxcRbn//1TV2bp7erbMZJmZbCyBQBA0ICFEA..."
}

[49.597][FINE]:     Command received (/session/e42e7ff901c6170faea894ca45f24db8/url)
[49.597][FINER]:    Waiting for all views to stop loading...
[49.597][FINER]:    Done waiting for all views to stop loading
[49.598][FINER]:    Waiting for all views to stop loading...
[49.598][FINER]:    Done waiting for all views to stop loading
[49.598][FINE]:     Command finished (/session/e42e7ff901c6170faea894ca45f24db8/url) with response {
   "sessionId": "e42e7ff901c6170faea894ca45f24db8",
   "status": 0,
   "value": "http://russia.master.prontosoft.by/"
}

[49.599][FINE]:     Command received (/session/e42e7ff901c6170faea894ca45f24db8/url)
[49.599][FINER]:    Waiting for all views to stop loading...
[49.600][FINER]:    Done waiting for all views to stop loading
[49.601][FINER]:    Waiting for all views to stop loading...
[49.601][FINER]:    Done waiting for all views to stop loading
[49.601][FINE]:     Command finished (/session/e42e7ff901c6170faea894ca45f24db8/url) with response {
   "sessionId": "e42e7ff901c6170faea894ca45f24db8",
   "status": 0,
   "value": "http://russia.master.prontosoft.by/"
}

[53.433][FINE]:     Command received (/session/e42e7ff901c6170faea894ca45f24db8)
